# JRE version: Java(TM) SE Runtime Environment (8.0_45-b14) (build 1.8.0_45-b14)
# Java VM: Java HotSpot(TM) 64-Bit Server VM (25.45-b02 mixed mode bsd-amd64 compressed oops)
Heap:
 PSYoungGen      total 56832K, used 43384K [0x000000076ab00000, 0x000000076ed80000, 0x00000007c0000000)
  eden space 56320K, 76% used [0x000000076ab00000,0x000000076d4e6278,0x000000076e200000)
  from space 512K, 93% used [0x000000076ed00000,0x000000076ed78000,0x000000076ed80000)
  to   space 3072K, 0% used [0x000000076e780000,0x000000076e780000,0x000000076ea80000)
 ParOldGen       total 175104K, used 1908K [0x00000006c0000000, 0x00000006cab00000, 0x000000076ab00000)
  object space 175104K, 1% used [0x00000006c0000000,0x00000006c01dd1c0,0x00000006cab00000)
 Metaspace       used 13036K, capacity 13282K, committed 13568K, reserved 1060864K
  class space    used 1617K, capacity 1693K, committed 1792K, reserved 1048576K
GC Heap History (10 events):
Event: 7.438 GC heap before
{Heap before GC invocations=8 (full 0):
 PSYoungGen      total 62464K, used 62048K [0x000000076ab00000, 0x000000076f400000, 0x00000007c0000000)
  eden space 61440K, 100% used [0x000000076ab00000,0x000000076e700000,0x000000076e700000)
  from space 1024K, 59% used [0x000000076f100000,0x000000076f198000,0x000000076f200000)
  to   space 2048K, 0% used [0x000000076f200000,0x000000076f200000,0x000000076f400000)
 ParOldGen       total 175104K, used 1548K [0x00000006c0000000, 0x00000006cab00000, 0x000000076ab00000)
  object space 175104K, 0% used [0x00000006c0000000,0x00000006c01831c0,0x00000006cab00000)
 Metaspace       used 7013K, capacity 7150K, committed 7296K, reserved 1056768K
  class space    used 758K, capacity 825K, committed 896K, reserved 1048576K
Event: 7.439 GC heap after
Heap after GC invocations=8 (full 0):
 PSYoungGen      total 61440K, used 576K [0x000000076ab00000, 0x000000076f300000, 0x00000007c0000000)
  eden space 60416K, 0% used [0x000000076ab00000,0x000000076ab00000,0x000000076e600000)
  from space 1024K, 56% used [0x000000076f200000,0x000000076f290000,0x000000076f300000)
  to   space 3072K, 0% used [0x000000076ed00000,0x000000076ed00000,0x000000076f000000)
 ParOldGen       total 175104K, used 1628K [0x00000006c0000000, 0x00000006cab00000, 0x000000076ab00000)
  object space 175104K, 0% used [0x00000006c0000000,0x00000006c01971c0,0x00000006cab00000)
 Metaspace       used 7013K, capacity 7150K, committed 7296K, reserved 1056768K
  class space    used 758K, capacity 825K, committed 896K, reserved 1048576K
}
Event: 7.739 GC heap before
{Heap before GC invocations=9 (full 0):
 PSYoungGen      total 61440K, used 60992K [0x000000076ab00000, 0x000000076f300000, 0x00000007c0000000)
  eden space 60416K, 100% used [0x000000076ab00000,0x000000076e600000,0x000000076e600000)
  from space 1024K, 56% used [0x000000076f200000,0x000000076f290000,0x000000076f300000)
  to   space 3072K, 0% used [0x000000076ed00000,0x000000076ed00000,0x000000076f000000)
 ParOldGen       total 175104K, used 1628K [0x00000006c0000000, 0x00000006cab00000, 0x000000076ab00000)
  object space 175104K, 0% used [0x00000006c0000000,0x00000006c01971c0,0x00000006cab00000)
 Metaspace       used 7035K, capacity 7150K, committed 7296K, reserved 1056768K
  class space    used 758K, capacity 825K, committed 896K, reserved 1048576K
Event: 7.740 GC heap after
Heap after GC invocations=9 (full 0):
 PSYoungGen      total 60416K, used 672K [0x000000076ab00000, 0x000000076f280000, 0x00000007c0000000)
  eden space 59392K, 0% used [0x000000076ab00000,0x000000076ab00000,0x000000076e500000)
  from space 1024K, 65% used [0x000000076ed00000,0x000000076eda8000,0x000000076ee00000)
  to   space 3072K, 0% used [0x000000076ef80000,0x000000076ef80000,0x000000076f280000)
 ParOldGen       total 175104K, used 1716K [0x00000006c0000000, 0x00000006cab00000, 0x000000076ab00000)
  object space 175104K, 0% used [0x00000006c0000000,0x00000006c01ad1c0,0x00000006cab00000)
 Metaspace       used 7035K, capacity 7150K, committed 7296K, reserved 1056768K
  class space    used 758K, capacity 825K, committed 896K, reserved 1048576K
}
Event: 7.992 GC heap before
{Heap before GC invocations=10 (full 0):
 PSYoungGen      total 60416K, used 60064K [0x000000076ab00000, 0x000000076f280000, 0x00000007c0000000)
  eden space 59392K, 100% used [0x000000076ab00000,0x000000076e500000,0x000000076e500000)
  from space 1024K, 65% used [0x000000076ed00000,0x000000076eda8000,0x000000076ee00000)
  to   space 3072K, 0% used [0x000000076ef80000,0x000000076ef80000,0x000000076f280000)
 ParOldGen       total 175104K, used 1716K [0x00000006c0000000, 0x00000006cab00000, 0x000000076ab00000)
  object space 175104K, 0% used [0x00000006c0000000,0x00000006c01ad1c0,0x00000006cab00000)
 Metaspace       used 7036K, capacity 7150K, committed 7296K, reserved 1056768K
  class space    used 758K, capacity 825K, committed 896K, reserved 1048576K
Event: 7.993 GC heap after
Heap after GC invocations=10 (full 0):
 PSYoungGen      total 58880K, used 480K [0x000000076ab00000, 0x000000076f000000, 0x00000007c0000000)
  eden space 58368K, 0% used [0x000000076ab00000,0x000000076ab00000,0x000000076e400000)
  from space 512K, 93% used [0x000000076ef80000,0x000000076eff8000,0x000000076f000000)
  to   space 3072K, 0% used [0x000000076ea00000,0x000000076ea00000,0x000000076ed00000)
 ParOldGen       total 175104K, used 1796K [0x00000006c0000000, 0x00000006cab00000, 0x000000076ab00000)
  object space 175104K, 1% used [0x00000006c0000000,0x00000006c01c11c0,0x00000006cab00000)
 Metaspace       used 7036K, capacity 7150K, committed 7296K, reserved 1056768K
  class space    used 758K, capacity 825K, committed 896K, reserved 1048576K
}
Event: 8.423 GC heap before
{Heap before GC invocations=11 (full 0):
 PSYoungGen      total 58880K, used 58848K [0x000000076ab00000, 0x000000076f000000, 0x00000007c0000000)
  eden space 58368K, 100% used [0x000000076ab00000,0x000000076e400000,0x000000076e400000)
  from space 512K, 93% used [0x000000076ef80000,0x000000076eff8000,0x000000076f000000)
  to   space 3072K, 0% used [0x000000076ea00000,0x000000076ea00000,0x000000076ed00000)
 ParOldGen       total 175104K, used 1796K [0x00000006c0000000, 0x00000006cab00000, 0x000000076ab00000)
  object space 175104K, 1% used [0x00000006c0000000,0x00000006c01c11c0,0x00000006cab00000)
 Metaspace       used 7044K, capacity 7150K, committed 7296K, reserved 1056768K
  class space    used 758K, capacity 825K, committed 896K, reserved 1048576K
Event: 8.424 GC heap after
Heap after GC invocations=11 (full 0):
 PSYoungGen      total 60416K, used 96K [0x000000076ab00000, 0x000000076f000000, 0x00000007c0000000)
  eden space 57344K, 0% used [0x000000076ab00000,0x000000076ab00000,0x000000076e300000)
  from space 3072K, 3% used [0x000000076ea00000,0x000000076ea18000,0x000000076ed00000)
  to   space 3072K, 0% used [0x000000076ed00000,0x000000076ed00000,0x000000076f000000)
 ParOldGen       total 175104K, used 1860K [0x00000006c0000000, 0x00000006cab00000, 0x000000076ab00000)
  object space 175104K, 1% used [0x00000006c0000000,0x00000006c01d11c0,0x00000006cab00000)
 Metaspace       used 7044K, capacity 7150K, committed 7296K, reserved 1056768K
  class space    used 758K, capacity 825K, committed 896K, reserved 1048576K
}
Event: 8.747 GC heap before
{Heap before GC invocations=12 (full 0):
 PSYoungGen      total 60416K, used 57440K [0x000000076ab00000, 0x000000076f000000, 0x00000007c0000000)
  eden space 57344K, 100% used [0x000000076ab00000,0x000000076e300000,0x000000076e300000)
  from space 3072K, 3% used [0x000000076ea00000,0x000000076ea18000,0x000000076ed00000)
  to   space 3072K, 0% used [0x000000076ed00000,0x000000076ed00000,0x000000076f000000)
 ParOldGen       total 175104K, used 1860K [0x00000006c0000000, 0x00000006cab00000, 0x000000076ab00000)
  object space 175104K, 1% used [0x00000006c0000000,0x00000006c01d11c0,0x00000006cab00000)
 Metaspace       used 7044K, capacity 7150K, committed 7296K, reserved 1056768K
  class space    used 758K, capacity 825K, committed 896K, reserved 1048576K
Event: 8.748 GC heap after
Heap after GC invocations=12 (full 0):
 PSYoungGen      total 56832K, used 480K [0x000000076ab00000, 0x000000076ed80000, 0x00000007c0000000)
  eden space 56320K, 0% used [0x000000076ab00000,0x000000076ab00000,0x000000076e200000)
  from space 512K, 93% used [0x000000076ed00000,0x000000076ed78000,0x000000076ed80000)
  to   space 3072K, 0% used [0x000000076e780000,0x000000076e780000,0x000000076ea80000)
 ParOldGen       total 175104K, used 1908K [0x00000006c0000000, 0x00000006cab00000, 0x000000076ab00000)
  object space 175104K, 1% used [0x00000006c0000000,0x00000006c01dd1c0,0x00000006cab00000)
 Metaspace       used 7044K, capacity 7150K, committed 7296K, reserved 1056768K
  class space    used 758K, capacity 825K, committed 896K, reserved 1048576K
}

